<?xml version="1.0" encoding="UTF-8"?>
<robot generator="Robot 7.3.2 (Python 3.13.5 on darwin)" generated="2025-08-11T14:00:20.039806" rpa="false" schemaversion="5">
<suite id="s1" name="02 Admin Search Task" source="/Users/thanhht/Documents/Work/Practice-Pt2/Tests/iOS/Admin/02_Admin_Search_Task.robot">
<test id="s1-t1" name="Admin search for Report task" line="25">
<kw name="Open iOS simulator" owner="hooks">
<kw name="Read iOS Config" owner="ReadJsonFile">
<kw name="File Should Exist" owner="OperatingSystem">
<msg time="2025-08-11T14:00:20.173122" level="INFO" html="true">File '&lt;a href="file:///Users/thanhht/Documents/Work/Practice-Pt2/Resources/PageObject/TestData/Environment.json"&gt;/Users/thanhht/Documents/Work/Practice-Pt2/Resources/PageObject/TestData/Environment.json&lt;/a&gt;' exists.</msg>
<arg>${Evn}</arg>
<doc>Fails unless the given ``path`` points to an existing file.</doc>
<status status="PASS" start="2025-08-11T14:00:20.172969" elapsed="0.001635"/>
</kw>
<kw name="Get File" owner="OperatingSystem">
<msg time="2025-08-11T14:00:20.175121" level="INFO" html="true">Getting file '&lt;a href="file:///Users/thanhht/Documents/Work/Practice-Pt2/Resources/PageObject/TestData/Environment.json"&gt;/Users/thanhht/Documents/Work/Practice-Pt2/Resources/PageObject/TestData/Environment.json&lt;/a&gt;'.</msg>
<msg time="2025-08-11T14:00:20.175714" level="INFO">${json_text} = {
    "Android_Emulator": {
        "remote_url": "http://127.0.0.1:4723",
        "automationName": "UiAutomator2",
        "deviceName": "emulator-5554",
        "platformName": "Android",
        "...</msg>
<var>${json_text}</var>
<arg>${Evn}</arg>
<doc>Returns the contents of a specified file.</doc>
<status status="PASS" start="2025-08-11T14:00:20.174729" elapsed="0.001141"/>
</kw>
<kw name="Evaluate" owner="BuiltIn">
<msg time="2025-08-11T14:00:20.176288" level="INFO">${iOS_evn} = {'Android_Emulator': {'remote_url': 'http://127.0.0.1:4723', 'automationName': 'UiAutomator2', 'deviceName': 'emulator-5554', 'platformName': 'Android', 'platformVersion': '16', 'appPackage': 'tdt.rpa...</msg>
<var>${iOS_evn}</var>
<arg>json.loads('''${json_text}''')</arg>
<arg>json</arg>
<doc>Evaluates the given expression in Python and returns the result.</doc>
<status status="PASS" start="2025-08-11T14:00:20.175991" elapsed="0.000345"/>
</kw>
<kw name="Get From Dictionary" owner="Collections">
<msg time="2025-08-11T14:00:20.176539" level="INFO">${iOS} = {'remote_url': 'http://127.0.0.1:4723', 'automationName': 'XCUITest', 'platformName': 'iOS', 'deviceName': 'iPhone 16 pro', 'udid': 'E591EB98-D300-4723-95E5-745ED17EDEAD', 'platformVersion': '17.5', '...</msg>
<var>${iOS}</var>
<arg>${iOS_evn}</arg>
<arg>iOS_Emulator</arg>
<doc>Returns a value from the given ``dictionary`` based on the given ``key``.</doc>
<status status="PASS" start="2025-08-11T14:00:20.176418" elapsed="0.000165"/>
</kw>
<kw name="Get From Dictionary" owner="Collections">
<msg time="2025-08-11T14:00:20.176756" level="INFO">${remote_url} = http://127.0.0.1:4723</msg>
<var>${remote_url}</var>
<arg>${iOS}</arg>
<arg>remote_url</arg>
<doc>Returns a value from the given ``dictionary`` based on the given ``key``.</doc>
<status status="PASS" start="2025-08-11T14:00:20.176656" elapsed="0.000138"/>
</kw>
<kw name="Get From Dictionary" owner="Collections">
<msg time="2025-08-11T14:00:20.176954" level="INFO">${automationName} = XCUITest</msg>
<var>${automationName}</var>
<arg>${iOS}</arg>
<arg>automationName</arg>
<doc>Returns a value from the given ``dictionary`` based on the given ``key``.</doc>
<status status="PASS" start="2025-08-11T14:00:20.176862" elapsed="0.000129"/>
</kw>
<kw name="Get From Dictionary" owner="Collections">
<msg time="2025-08-11T14:00:20.177139" level="INFO">${deviceName} = iPhone 16 pro</msg>
<var>${deviceName}</var>
<arg>${iOS}</arg>
<arg>deviceName</arg>
<doc>Returns a value from the given ``dictionary`` based on the given ``key``.</doc>
<status status="PASS" start="2025-08-11T14:00:20.177055" elapsed="0.000118"/>
</kw>
<kw name="Get From Dictionary" owner="Collections">
<msg time="2025-08-11T14:00:20.177310" level="INFO">${platformName} = iOS</msg>
<var>${platformName}</var>
<arg>${iOS}</arg>
<arg>platformName</arg>
<doc>Returns a value from the given ``dictionary`` based on the given ``key``.</doc>
<status status="PASS" start="2025-08-11T14:00:20.177229" elapsed="0.000112"/>
</kw>
<kw name="Get From Dictionary" owner="Collections">
<msg time="2025-08-11T14:00:20.177475" level="INFO">${platformVersion} = 17.5</msg>
<var>${platformVersion}</var>
<arg>${iOS}</arg>
<arg>platformVersion</arg>
<doc>Returns a value from the given ``dictionary`` based on the given ``key``.</doc>
<status status="PASS" start="2025-08-11T14:00:20.177397" elapsed="0.000109"/>
</kw>
<kw name="Get From Dictionary" owner="Collections">
<msg time="2025-08-11T14:00:20.177638" level="INFO">${app} = rpa.ios.ex.app.RPAExampleApp</msg>
<var>${app}</var>
<arg>${iOS}</arg>
<arg>app</arg>
<doc>Returns a value from the given ``dictionary`` based on the given ``key``.</doc>
<status status="PASS" start="2025-08-11T14:00:20.177563" elapsed="0.000107"/>
</kw>
<kw name="Get From Dictionary" owner="Collections">
<msg time="2025-08-11T14:00:20.177809" level="INFO">${udid} = E591EB98-D300-4723-95E5-745ED17EDEAD</msg>
<var>${udid}</var>
<arg>${iOS}</arg>
<arg>udid</arg>
<doc>Returns a value from the given ``dictionary`` based on the given ``key``.</doc>
<status status="PASS" start="2025-08-11T14:00:20.177730" elapsed="0.000111"/>
</kw>
<kw name="Get From Dictionary" owner="Collections">
<msg time="2025-08-11T14:00:20.177972" level="INFO">${noReset} = false</msg>
<var>${noReset}</var>
<arg>${iOS}</arg>
<arg>noReset</arg>
<doc>Returns a value from the given ``dictionary`` based on the given ``key``.</doc>
<status status="PASS" start="2025-08-11T14:00:20.177894" elapsed="0.000112"/>
</kw>
<kw name="Get From Dictionary" owner="Collections">
<msg time="2025-08-11T14:00:20.178135" level="INFO">${useNewWDA} = true</msg>
<var>${useNewWDA}</var>
<arg>${iOS}</arg>
<arg>useNewWDA</arg>
<doc>Returns a value from the given ``dictionary`` based on the given ``key``.</doc>
<status status="PASS" start="2025-08-11T14:00:20.178059" elapsed="0.000107"/>
</kw>
<kw name="Create Dictionary" owner="BuiltIn">
<msg time="2025-08-11T14:00:20.178557" level="INFO">${iOS_Desired_Capabilities} = {'remote_url': 'http://127.0.0.1:4723', 'automationName': 'XCUITest', 'deviceName': 'iPhone 16 pro', 'platformName': 'iOS', 'platformVersion': '17.5', 'app': 'rpa.ios.ex.app.RPAExampleApp', 'udid': 'E...</msg>
<var>${iOS_Desired_Capabilities}</var>
<arg>remote_url=${remote_url}</arg>
<arg>automationName=${automationName}</arg>
<arg>deviceName=${deviceName}</arg>
<arg>platformName=${platformName}</arg>
<arg>platformVersion=${platformVersion}</arg>
<arg>app=${app}</arg>
<arg>udid=${udid}</arg>
<arg>noReset=${noReset}</arg>
<arg>useNewWDA=${useNewWDA}</arg>
<doc>Creates and returns a dictionary based on the given ``items``.</doc>
<status status="PASS" start="2025-08-11T14:00:20.178228" elapsed="0.000383"/>
</kw>
<return>
<value>${iOS_Desired_Capabilities}</value>
<status status="PASS" start="2025-08-11T14:00:20.178669" elapsed="0.000055"/>
</return>
<msg time="2025-08-11T14:00:20.178818" level="INFO">${iOS_caps} = {'remote_url': 'http://127.0.0.1:4723', 'automationName': 'XCUITest', 'deviceName': 'iPhone 16 pro', 'platformName': 'iOS', 'platformVersion': '17.5', 'app': 'rpa.ios.ex.app.RPAExampleApp', 'udid': 'E...</msg>
<var>${iOS_caps}</var>
<doc>Reads and return all iOS Capabilities</doc>
<status status="PASS" start="2025-08-11T14:00:20.172591" elapsed="0.006457"/>
</kw>
<kw name="Log" owner="BuiltIn">
<msg time="2025-08-11T14:00:20.179414" level="INFO">{'remote_url': 'http://127.0.0.1:4723', 'automationName': 'XCUITest', 'deviceName': 'iPhone 16 pro', 'platformName': 'iOS', 'platformVersion': '17.5', 'app': 'rpa.ios.ex.app.RPAExampleApp', 'udid': 'E591EB98-D300-4723-95E5-745ED17EDEAD', 'noReset': 'false', 'useNewWDA': 'true'}</msg>
<arg>${iOS_caps}</arg>
<doc>Logs the given message with the given level.</doc>
<status status="PASS" start="2025-08-11T14:00:20.179156" elapsed="0.000382"/>
</kw>
<kw name="Open Application" owner="AppiumLibrary">
<arg>remote_url=${iOS_caps['remote_url']}</arg>
<arg>automationName=${iOS_caps['automationName']}</arg>
<arg>deviceName=${iOS_caps['deviceName']}</arg>
<arg>platformName=${iOS_caps['platformName']}</arg>
<arg>platformVersion=${iOS_caps['platformVersion']}</arg>
<arg>app=${iOS_caps['app']}</arg>
<arg>udid=${iOS_caps['udid']}</arg>
<arg>noReset=${iOS_caps['noReset']}</arg>
<arg>useNewWDA=${iOS_caps['useNewWDA']}</arg>
<doc>Opens a new application to given Appium server.
Capabilities of appium server, Android and iOS,
Please check https://appium.io/docs/en/2.19/guides/caps/
| *Option*            | *Man.* | *Description*     |
| remote_url          | Yes    | Appium server url |
| alias               | No     | alias             |</doc>
<status status="PASS" start="2025-08-11T14:00:20.180010" elapsed="6.608742"/>
</kw>
<status status="PASS" start="2025-08-11T14:00:20.172365" elapsed="6.616906"/>
</kw>
<kw name="Load Admin Credentials to login" owner="LoginScreen">
<kw name="Get Admin Account Credentials" owner="ReadJsonFile">
<kw name="File Should Exist" owner="OperatingSystem">
<msg time="2025-08-11T14:00:26.792554" level="INFO" html="true">File '&lt;a href="file:///Users/thanhht/Documents/Work/Practice-Pt2/Resources/PageObject/TestData/Account.json"&gt;/Users/thanhht/Documents/Work/Practice-Pt2/Resources/PageObject/TestData/Account.json&lt;/a&gt;' exists.</msg>
<arg>${AccountList}</arg>
<doc>Fails unless the given ``path`` points to an existing file.</doc>
<status status="PASS" start="2025-08-11T14:00:26.791389" elapsed="0.001714"/>
</kw>
<kw name="Get File" owner="OperatingSystem">
<msg time="2025-08-11T14:00:26.793905" level="INFO" html="true">Getting file '&lt;a href="file:///Users/thanhht/Documents/Work/Practice-Pt2/Resources/PageObject/TestData/Account.json"&gt;/Users/thanhht/Documents/Work/Practice-Pt2/Resources/PageObject/TestData/Account.json&lt;/a&gt;'.</msg>
<msg time="2025-08-11T14:00:26.795962" level="INFO">${json_text} = {
    "User": {
        "user1": {
            "username": "user1",
            "password": "password1",
            "displayName": "John Doe",
            "email": "john.doe@example.com"
        },
 ...</msg>
<var>${json_text}</var>
<arg>${AccountList}</arg>
<doc>Returns the contents of a specified file.</doc>
<status status="PASS" start="2025-08-11T14:00:26.793395" elapsed="0.002813"/>
</kw>
<kw name="Evaluate" owner="BuiltIn">
<msg time="2025-08-11T14:00:26.797956" level="INFO">${account_json} = {'User': {'user1': {'username': 'user1', 'password': 'password1', 'displayName': 'John Doe', 'email': 'john.doe@example.com'}, 'user2': {'username': 'user2', 'password': 'password2', 'displayName': 'J...</msg>
<var>${account_json}</var>
<arg>json.loads('''${json_text}''')</arg>
<arg>json</arg>
<doc>Evaluates the given expression in Python and returns the result.</doc>
<status status="PASS" start="2025-08-11T14:00:26.796870" elapsed="0.001226"/>
</kw>
<kw name="Get From Dictionary" owner="Collections">
<msg time="2025-08-11T14:00:26.798531" level="INFO">${accounts} = {'admin1': {'username': 'admin', 'password': 'admin123', 'displayName': 'Administrator', 'email': 'admin@example.com'}}</msg>
<var>${accounts}</var>
<arg>${account_json}</arg>
<arg>Admin</arg>
<doc>Returns a value from the given ``dictionary`` based on the given ``key``.</doc>
<status status="PASS" start="2025-08-11T14:00:26.798280" elapsed="0.000341"/>
</kw>
<kw name="Get From Dictionary" owner="Collections">
<msg time="2025-08-11T14:00:26.798966" level="INFO">${account_data} = {'username': 'admin', 'password': 'admin123', 'displayName': 'Administrator', 'email': 'admin@example.com'}</msg>
<var>${account_data}</var>
<arg>${accounts}</arg>
<arg>${account_name}</arg>
<doc>Returns a value from the given ``dictionary`` based on the given ``key``.</doc>
<status status="PASS" start="2025-08-11T14:00:26.798759" elapsed="0.000285"/>
</kw>
<kw name="Get From Dictionary" owner="Collections">
<msg time="2025-08-11T14:00:26.799357" level="INFO">${admin_username} = admin</msg>
<var>${admin_username}</var>
<arg>${account_data}</arg>
<arg>username</arg>
<doc>Returns a value from the given ``dictionary`` based on the given ``key``.</doc>
<status status="PASS" start="2025-08-11T14:00:26.799173" elapsed="0.000256"/>
</kw>
<kw name="Get From Dictionary" owner="Collections">
<msg time="2025-08-11T14:00:26.799947" level="INFO">${admin_password} = admin123</msg>
<var>${admin_password}</var>
<arg>${account_data}</arg>
<arg>password</arg>
<doc>Returns a value from the given ``dictionary`` based on the given ``key``.</doc>
<status status="PASS" start="2025-08-11T14:00:26.799552" elapsed="0.000473"/>
</kw>
<kw name="Get From Dictionary" owner="Collections">
<msg time="2025-08-11T14:00:26.800330" level="INFO">${admin_displayName} = Administrator</msg>
<var>${admin_displayName}</var>
<arg>${account_data}</arg>
<arg>displayName</arg>
<doc>Returns a value from the given ``dictionary`` based on the given ``key``.</doc>
<status status="PASS" start="2025-08-11T14:00:26.800148" elapsed="0.000251"/>
</kw>
<kw name="Get From Dictionary" owner="Collections">
<msg time="2025-08-11T14:00:26.800666" level="INFO">${admin_email} = admin@example.com</msg>
<var>${admin_email}</var>
<arg>${account_data}</arg>
<arg>email</arg>
<doc>Returns a value from the given ``dictionary`` based on the given ``key``.</doc>
<status status="PASS" start="2025-08-11T14:00:26.800517" elapsed="0.000209"/>
</kw>
<return>
<value>${admin_username}</value>
<value>${admin_password}</value>
<value>${admin_displayName}</value>
<value>${admin_email}</value>
<status status="PASS" start="2025-08-11T14:00:26.800803" elapsed="0.000099"/>
</return>
<msg time="2025-08-11T14:00:26.801122" level="INFO">${admin_username} = admin</msg>
<msg time="2025-08-11T14:00:26.801439" level="INFO">${admin_password} = admin123</msg>
<msg time="2025-08-11T14:00:26.801505" level="INFO">${admin_displayName} = Administrator</msg>
<msg time="2025-08-11T14:00:26.801567" level="INFO">${admin_email} = admin@example.com</msg>
<var>${admin_username}</var>
<var>${admin_password}</var>
<var>${admin_displayName}</var>
<var>${admin_email}</var>
<arg>admin1</arg>
<status status="PASS" start="2025-08-11T14:00:26.790664" elapsed="0.010950"/>
</kw>
<kw name="Set Suite Variable" owner="BuiltIn">
<msg time="2025-08-11T14:00:26.801984" level="INFO">${admin_username} = admin</msg>
<arg>${admin_username}</arg>
<doc>Makes a variable available everywhere within the scope of the current suite.</doc>
<status status="PASS" start="2025-08-11T14:00:26.801763" elapsed="0.000372"/>
</kw>
<kw name="Set Suite Variable" owner="BuiltIn">
<msg time="2025-08-11T14:00:26.803184" level="INFO">${admin_password} = admin123</msg>
<arg>${admin_password}</arg>
<doc>Makes a variable available everywhere within the scope of the current suite.</doc>
<status status="PASS" start="2025-08-11T14:00:26.802663" elapsed="0.000680"/>
</kw>
<kw name="Set Suite Variable" owner="BuiltIn">
<msg time="2025-08-11T14:00:26.803859" level="INFO">${admin_displayName} = Administrator</msg>
<arg>${admin_displayName}</arg>
<doc>Makes a variable available everywhere within the scope of the current suite.</doc>
<status status="PASS" start="2025-08-11T14:00:26.803576" elapsed="0.000398"/>
</kw>
<kw name="Set Suite Variable" owner="BuiltIn">
<msg time="2025-08-11T14:00:26.804328" level="INFO">${admin_email} = admin@example.com</msg>
<arg>${admin_email}</arg>
<doc>Makes a variable available everywhere within the scope of the current suite.</doc>
<status status="PASS" start="2025-08-11T14:00:26.804156" elapsed="0.000246"/>
</kw>
<status status="PASS" start="2025-08-11T14:00:26.789923" elapsed="0.014567"/>
</kw>
<kw name="Admin input username" owner="LoginScreen">
<kw name="Input Text" owner="AppiumLibrary">
<msg time="2025-08-11T14:00:26.806847" level="INFO">Typing text 'admin' into text field '//XCUIElementTypeTextField[@value="Username"]'</msg>
<msg time="2025-08-11T14:00:28.095292" level="INFO">xpath criteria: //XCUIElementTypeTextField[@value="Username"]</msg>
<arg>${username_txtbox}</arg>
<arg>${admin_username}</arg>
<doc>Types the given `text` into text field identified by `locator`.</doc>
<status status="PASS" start="2025-08-11T14:00:26.805286" elapsed="1.290757"/>
</kw>
<status status="PASS" start="2025-08-11T14:00:26.804904" elapsed="1.291941"/>
</kw>
<kw name="Admin input password" owner="LoginScreen">
<kw name="Input Text" owner="AppiumLibrary">
<msg time="2025-08-11T14:00:28.101631" level="INFO">Typing text 'admin123' into text field '//XCUIElementTypeSecureTextField[@value="Password"]'</msg>
<msg time="2025-08-11T14:00:29.019615" level="INFO">xpath criteria: //XCUIElementTypeSecureTextField[@value="Password"]</msg>
<arg>${password_txtbox}</arg>
<arg>${admin_password}</arg>
<doc>Types the given `text` into text field identified by `locator`.</doc>
<status status="PASS" start="2025-08-11T14:00:28.098505" elapsed="0.921768"/>
</kw>
<status status="PASS" start="2025-08-11T14:00:28.097653" elapsed="0.922946"/>
</kw>
<kw name="User click login button" owner="LoginScreen">
<kw name="Click Element" owner="AppiumLibrary">
<msg time="2025-08-11T14:00:29.029733" level="INFO">Clicking element '//XCUIElementTypeButton[@name="Login"]'.</msg>
<msg time="2025-08-11T14:00:29.488573" level="INFO">xpath criteria: //XCUIElementTypeButton[@name="Login"]</msg>
<arg>${login_btn}</arg>
<doc>Click element identified by `locator`.</doc>
<status status="PASS" start="2025-08-11T14:00:29.023306" elapsed="0.465871"/>
</kw>
<status status="PASS" start="2025-08-11T14:00:29.021688" elapsed="0.467934"/>
</kw>
<kw name="Admin tap on filter button" owner="HomeScreen">
<kw name="Click Element" owner="AppiumLibrary">
<msg time="2025-08-11T14:00:29.494392" level="INFO">Clicking element '//XCUIElementTypeButton[@name="Search &amp; Filters"]'.</msg>
<msg time="2025-08-11T14:00:30.350575" level="INFO">xpath criteria: //XCUIElementTypeButton[@name="Search &amp; Filters"]</msg>
<arg>${filter_btn}</arg>
<doc>Click element identified by `locator`.</doc>
<status status="PASS" start="2025-08-11T14:00:29.491135" elapsed="0.859957"/>
</kw>
<status status="PASS" start="2025-08-11T14:00:29.490288" elapsed="0.861117"/>
</kw>
<kw name="Admin search for report task" owner="SearchResultScreen">
<kw name="Input Text" owner="AppiumLibrary">
<msg time="2025-08-11T14:00:30.355039" level="INFO">Typing text 'Report' into text field '//XCUIElementTypeTextField[@value="Search tasks..."]'</msg>
<msg time="2025-08-11T14:00:31.730473" level="INFO">xpath criteria: //XCUIElementTypeTextField[@value="Search tasks..."]</msg>
<arg>${searchbox}</arg>
<arg>Report</arg>
<doc>Types the given `text` into text field identified by `locator`.</doc>
<status status="PASS" start="2025-08-11T14:00:30.352608" elapsed="1.378502"/>
</kw>
<status status="PASS" start="2025-08-11T14:00:30.352078" elapsed="1.379476"/>
</kw>
<kw name="Reporting Category displayed on screen" owner="SearchResultScreen">
<kw name="Get Category from list" owner="VerifyTextforiOS">
<kw name="Set Variable" owner="BuiltIn">
<msg time="2025-08-11T14:00:31.734729" level="INFO">${index} = 1</msg>
<var>${index}</var>
<arg>1</arg>
<doc>Returns the given values which can then be assigned to a variables.</doc>
<status status="PASS" start="2025-08-11T14:00:31.734257" elapsed="0.001320"/>
</kw>
<kw name="Get Webelements" owner="AppiumLibrary">
<msg time="2025-08-11T14:00:31.851033" level="INFO">xpath criteria: //XCUIElementTypeCell</msg>
<msg time="2025-08-11T14:00:31.851529" level="INFO">@{cells} = [ &lt;appium.webdriver.webelement.WebElement (session="180b908d-24a3-4946-8508-955f3903ae9d", element="81000000-0000-0000-F028-010000000000")&gt; ]</msg>
<var>@{cells}</var>
<arg>//XCUIElementTypeCell</arg>
<doc>Returns list of [http://selenium-python.readthedocs.io/api.html#module-selenium.webdriver.remote.webelement|WebElement] objects matching ``locator``.</doc>
<status status="PASS" start="2025-08-11T14:00:31.736082" elapsed="0.115627"/>
</kw>
<for flavor="IN">
<iter>
<kw name="Get Webelements" owner="AppiumLibrary">
<msg time="2025-08-11T14:00:31.943785" level="INFO">xpath criteria: //XCUIElementTypeCell[1]//XCUIElementTypeStaticText[4]</msg>
<msg time="2025-08-11T14:00:31.944228" level="INFO">@{category_list} = [ &lt;appium.webdriver.webelement.WebElement (session="180b908d-24a3-4946-8508-955f3903ae9d", element="B0000000-0000-0000-F028-010000000000")&gt; ]</msg>
<var>@{category_list}</var>
<arg>//XCUIElementTypeCell[${index}]//XCUIElementTypeStaticText[4]</arg>
<doc>Returns list of [http://selenium-python.readthedocs.io/api.html#module-selenium.webdriver.remote.webelement|WebElement] objects matching ``locator``.</doc>
<status status="PASS" start="2025-08-11T14:00:31.852638" elapsed="0.091808"/>
</kw>
<for flavor="IN">
<iter>
<kw name="Get Text" owner="AppiumLibrary">
<msg time="2025-08-11T14:00:31.976523" level="INFO">Element '&lt;appium.webdriver.webelement.WebElement (session="180b908d-24a3-4946-8508-955f3903ae9d", element="B0000000-0000-0000-F028-010000000000")&gt;' text is 'Reporting' </msg>
<msg time="2025-08-11T14:00:31.976984" level="INFO">${actual_category} = Reporting</msg>
<var>${actual_category}</var>
<arg>${txt_elem}</arg>
<doc>Get element text (for hybrid and mobile browser use `xpath` locator, others might cause problem)</doc>
<status status="PASS" start="2025-08-11T14:00:31.945313" elapsed="0.031828"/>
</kw>
<var name="${txt_elem}">&lt;appium.webdriver.webelement.WebElement (session="180b908d-24a3-4946-8508-955f3903ae9d", element="B0000000-0000-0000-F028-010000000000")&gt;</var>
<status status="PASS" start="2025-08-11T14:00:31.945037" elapsed="0.032322"/>
</iter>
<var>${txt_elem}</var>
<value>@{category_list}</value>
<status status="PASS" start="2025-08-11T14:00:31.944667" elapsed="0.032875"/>
</for>
<kw name="Evaluate" owner="BuiltIn">
<msg time="2025-08-11T14:00:31.978496" level="INFO">${index} = 2</msg>
<var>${index}</var>
<arg>${index} + 1</arg>
<doc>Evaluates the given expression in Python and returns the result.</doc>
<status status="PASS" start="2025-08-11T14:00:31.977962" elapsed="0.000693"/>
</kw>
<var name="${cell}">&lt;appium.webdriver.webelement.WebElement (session="180b908d-24a3-4946-8508-955f3903ae9d", element="81000000-0000-0000-F028-010000000000")&gt;</var>
<status status="PASS" start="2025-08-11T14:00:31.852354" elapsed="0.126419"/>
</iter>
<var>${cell}</var>
<value>@{cells}</value>
<status status="PASS" start="2025-08-11T14:00:31.851929" elapsed="0.126975"/>
</for>
<kw name="Should Be Equal" owner="BuiltIn">
<arg>${filter_category}</arg>
<arg>${actual_category}</arg>
<doc>Fails if the given objects are unequal.</doc>
<status status="PASS" start="2025-08-11T14:00:31.979156" elapsed="0.000366"/>
</kw>
<arg>Reporting</arg>
<status status="PASS" start="2025-08-11T14:00:31.733640" elapsed="0.246036"/>
</kw>
<status status="PASS" start="2025-08-11T14:00:31.733010" elapsed="0.246798"/>
</kw>
<status status="PASS" start="2025-08-11T14:00:20.171961" elapsed="11.808185"/>
</test>
<status status="PASS" start="2025-08-11T14:00:20.041508" elapsed="11.940982"/>
</suite>
<statistics>
<total>
<stat pass="1" fail="0" skip="0">All Tests</stat>
</total>
<tag>
</tag>
<suite>
<stat name="02 Admin Search Task" id="s1" pass="1" fail="0" skip="0">02 Admin Search Task</stat>
</suite>
</statistics>
<errors>
</errors>
</robot>
